<?xml version="1.0" encoding="UTF-8"?>
<!-- Generated by org.testng.reporters.JUnitXMLReporter -->
<testsuite hostname="DESKTOP-8T83S39" name="Test" tests="1" failures="1" timestamp="17 May 2017 19:03:58 GMT" time="15.416" errors="0">
  <testcase name="Test" time="12.553" classname="com.agm.Judi.tests.DemoTest">
    <failure type="java.lang.AssertionError" message="true expected [true] but found [false]">
      <![CDATA[java.lang.AssertionError: true expected [true] but found [false]
	at com.agm.framework.FunctionLibraries.CommonFunctions.funLaunchURL(CommonFunctions.java:151)
	at com.agm.Judi.tests.DemoTest.Test(DemoTest.java:82)
... Removed 27 stack frames]]>
    </failure>
  </testcase> <!-- Test -->
</testsuite> <!-- Test -->
